# JRE version: Java(TM) SE Runtime Environment (8.0_111-b14) (build 1.8.0_111-b14)
# Java VM: Java HotSpot(TM) Client VM (25.111-b14 mixed mode windows-x86 )
Heap:
 def new generation   total 49536K, used 29842K [0x04a00000, 0x07fc0000, 0x0f4a0000)
  eden space 44032K,  67% used [0x04a00000, 0x06723f60, 0x07500000)
  from space 5504K,   0% used [0x07a60000, 0x07a608a8, 0x07fc0000)
  to   space 5504K,   0% used [0x07500000, 0x07500000, 0x07a60000)
 tenured generation   total 109912K, used 68119K [0x0f4a0000, 0x15ff6000, 0x24a00000)
   the space 109912K,  61% used [0x0f4a0000, 0x13725df8, 0x13725e00, 0x15ff6000)
 Metaspace       used 20402K, capacity 20931K, committed 20992K, reserved 21888K
GC Heap History (10 events):
Event: 35940.169 GC heap before
{Heap before GC invocations=139 (full 2):
 def new generation   total 49536K, used 44034K [0x04a00000, 0x07fc0000, 0x0f4a0000)
  eden space 44032K, 100% used [0x04a00000, 0x07500000, 0x07500000)
  from space 5504K,   0% used [0x07500000, 0x07500840, 0x07a60000)
  to   space 5504K,   0% used [0x07a60000, 0x07a60000, 0x07fc0000)
 tenured generation   total 109912K, used 68119K [0x0f4a0000, 0x15ff6000, 0x24a00000)
   the space 109912K,  61% used [0x0f4a0000, 0x13725df8, 0x13725e00, 0x15ff6000)
 Metaspace       used 20400K, capacity 20931K, committed 20992K, reserved 21888K
Event: 35940.170 GC heap after
Heap after GC invocations=140 (full 2):
 def new generation   total 49536K, used 2K [0x04a00000, 0x07fc0000, 0x0f4a0000)
  eden space 44032K,   0% used [0x04a00000, 0x04a00000, 0x07500000)
  from space 5504K,   0% used [0x07a60000, 0x07a60830, 0x07fc0000)
  to   space 5504K,   0% used [0x07500000, 0x07500000, 0x07a60000)
 tenured generation   total 109912K, used 68119K [0x0f4a0000, 0x15ff6000, 0x24a00000)
   the space 109912K,  61% used [0x0f4a0000, 0x13725df8, 0x13725e00, 0x15ff6000)
 Metaspace       used 20400K, capacity 20931K, committed 20992K, reserved 21888K
}
Event: 36245.878 GC heap before
{Heap before GC invocations=140 (full 2):
 def new generation   total 49536K, used 44034K [0x04a00000, 0x07fc0000, 0x0f4a0000)
  eden space 44032K, 100% used [0x04a00000, 0x07500000, 0x07500000)
  from space 5504K,   0% used [0x07a60000, 0x07a60830, 0x07fc0000)
  to   space 5504K,   0% used [0x07500000, 0x07500000, 0x07a60000)
 tenured generation   total 109912K, used 68119K [0x0f4a0000, 0x15ff6000, 0x24a00000)
   the space 109912K,  61% used [0x0f4a0000, 0x13725df8, 0x13725e00, 0x15ff6000)
 Metaspace       used 20400K, capacity 20931K, committed 20992K, reserved 21888K
Event: 36245.879 GC heap after
Heap after GC invocations=141 (full 2):
 def new generation   total 49536K, used 3K [0x04a00000, 0x07fc0000, 0x0f4a0000)
  eden space 44032K,   0% used [0x04a00000, 0x04a00000, 0x07500000)
  from space 5504K,   0% used [0x07500000, 0x07500e20, 0x07a60000)
  to   space 5504K,   0% used [0x07a60000, 0x07a60000, 0x07fc0000)
 tenured generation   total 109912K, used 68119K [0x0f4a0000, 0x15ff6000, 0x24a00000)
   the space 109912K,  61% used [0x0f4a0000, 0x13725df8, 0x13725e00, 0x15ff6000)
 Metaspace       used 20400K, capacity 20931K, committed 20992K, reserved 21888K
}
Event: 36552.458 GC heap before
{Heap before GC invocations=141 (full 2):
 def new generation   total 49536K, used 44035K [0x04a00000, 0x07fc0000, 0x0f4a0000)
  eden space 44032K, 100% used [0x04a00000, 0x07500000, 0x07500000)
  from space 5504K,   0% used [0x07500000, 0x07500e20, 0x07a60000)
  to   space 5504K,   0% used [0x07a60000, 0x07a60000, 0x07fc0000)
 tenured generation   total 109912K, used 68119K [0x0f4a0000, 0x15ff6000, 0x24a00000)
   the space 109912K,  61% used [0x0f4a0000, 0x13725df8, 0x13725e00, 0x15ff6000)
 Metaspace       used 20400K, capacity 20931K, committed 20992K, reserved 21888K
Event: 36552.459 GC heap after
Heap after GC invocations=142 (full 2):
 def new generation   total 49536K, used 2K [0x04a00000, 0x07fc0000, 0x0f4a0000)
  eden space 44032K,   0% used [0x04a00000, 0x04a00000, 0x07500000)
  from space 5504K,   0% used [0x07a60000, 0x07a60830, 0x07fc0000)
  to   space 5504K,   0% used [0x07500000, 0x07500000, 0x07a60000)
 tenured generation   total 109912K, used 68119K [0x0f4a0000, 0x15ff6000, 0x24a00000)
   the space 109912K,  61% used [0x0f4a0000, 0x13725df8, 0x13725e00, 0x15ff6000)
 Metaspace       used 20400K, capacity 20931K, committed 20992K, reserved 21888K
}
Event: 36858.618 GC heap before
{Heap before GC invocations=142 (full 2):
 def new generation   total 49536K, used 44034K [0x04a00000, 0x07fc0000, 0x0f4a0000)
  eden space 44032K, 100% used [0x04a00000, 0x07500000, 0x07500000)
  from space 5504K,   0% used [0x07a60000, 0x07a60830, 0x07fc0000)
  to   space 5504K,   0% used [0x07500000, 0x07500000, 0x07a60000)
 tenured generation   total 109912K, used 68119K [0x0f4a0000, 0x15ff6000, 0x24a00000)
   the space 109912K,  61% used [0x0f4a0000, 0x13725df8, 0x13725e00, 0x15ff6000)
 Metaspace       used 20400K, capacity 20931K, committed 20992K, reserved 21888K
Event: 36858.619 GC heap after
Heap after GC invocations=143 (full 2):
 def new generation   total 49536K, used 2K [0x04a00000, 0x07fc0000, 0x0f4a0000)
  eden space 44032K,   0% used [0x04a00000, 0x04a00000, 0x07500000)
  from space 5504K,   0% used [0x07500000, 0x07500888, 0x07a60000)
  to   space 5504K,   0% used [0x07a60000, 0x07a60000, 0x07fc0000)
 tenured generation   total 109912K, used 68119K [0x0f4a0000, 0x15ff6000, 0x24a00000)
   the space 109912K,  61% used [0x0f4a0000, 0x13725df8, 0x13725e00, 0x15ff6000)
 Metaspace       used 20400K, capacity 20931K, committed 20992K, reserved 21888K
}
Event: 37164.762 GC heap before
{Heap before GC invocations=143 (full 2):
 def new generation   total 49536K, used 44034K [0x04a00000, 0x07fc0000, 0x0f4a0000)
  eden space 44032K, 100% used [0x04a00000, 0x07500000, 0x07500000)
  from space 5504K,   0% used [0x07500000, 0x07500888, 0x07a60000)
  to   space 5504K,   0% used [0x07a60000, 0x07a60000, 0x07fc0000)
 tenured generation   total 109912K, used 68119K [0x0f4a0000, 0x15ff6000, 0x24a00000)
   the space 109912K,  61% used [0x0f4a0000, 0x13725df8, 0x13725e00, 0x15ff6000)
 Metaspace       used 20400K, capacity 20931K, committed 20992K, reserved 21888K
Event: 37164.763 GC heap after
Heap after GC invocations=144 (full 2):
 def new generation   total 49536K, used 2K [0x04a00000, 0x07fc0000, 0x0f4a0000)
  eden space 44032K,   0% used [0x04a00000, 0x04a00000, 0x07500000)
  from space 5504K,   0% used [0x07a60000, 0x07a608a8, 0x07fc0000)
  to   space 5504K,   0% used [0x07500000, 0x07500000, 0x07a60000)
 tenured generation   total 109912K, used 68119K [0x0f4a0000, 0x15ff6000, 0x24a00000)
   the space 109912K,  61% used [0x0f4a0000, 0x13725df8, 0x13725e00, 0x15ff6000)
 Metaspace       used 20400K, capacity 20931K, committed 20992K, reserved 21888K
}

